<?xml version="1.0" encoding="UTF-8"?>
<!-- Generated by org.testng.reporters.JUnitReportReporter -->
<testsuite hostname="DESKTOP-CFSKSBJ" failures="0" tests="4" name="api.test.UserTests2" time="9.492" errors="0" timestamp="2024-09-17T11:03:50 IST" skipped="0">
  <testcase classname="api.test.UserTests2" name="testPostUser" time="3.002"/>
  <system-out/>
  <testcase classname="api.test.UserTests2" name="testGetUserByName" time="2.661"/>
  <system-out/>
  <testcase classname="api.test.UserTests2" name="testUpdateUserByName" time="2.570"/>
  <system-out/>
  <testcase classname="api.test.UserTests2" name="testDeleteUserByName" time="1.259"/>
  <system-out/>
</testsuite> <!-- api.test.UserTests2 -->
