<?xml version="1.0" encoding="UTF-8"?>
<!-- Generated by org.testng.reporters.JUnitReportReporter -->
<testsuite hostname="DESKTOP-CFSKSBJ" failures="0" tests="4" name="api.test.UserTests" time="8.283" errors="0" timestamp="2024-09-17T11:02:26 IST" skipped="0">
  <testcase classname="api.test.UserTests" name="testPostUser" time="3.204"/>
  <system-out/>
  <testcase classname="api.test.UserTests" name="testGetUserByName" time="1.300"/>
  <system-out/>
  <testcase classname="api.test.UserTests" name="testUpdateUserByName" time="2.533"/>
  <system-out/>
  <testcase classname="api.test.UserTests" name="testDeleteUserByName" time="1.246"/>
  <system-out/>
</testsuite> <!-- api.test.UserTests -->
