<?xml version="1.0" encoding="UTF-8"?>
<!-- Generated by org.testng.reporters.JUnitReportReporter -->
<testsuite hostname="DESKTOP-CFSKSBJ" failures="0" tests="4" name="api.test.UserTests" time="9.052" errors="0" timestamp="2024-09-17T02:01:43 IST" skipped="0">
  <testcase classname="api.test.UserTests" name="testPostUser" time="3.360"/>
  <system-out/>
  <testcase classname="api.test.UserTests" name="testGetUserByName" time="1.471"/>
  <system-out/>
  <testcase classname="api.test.UserTests" name="testUpdateUserByName" time="2.824"/>
  <system-out/>
  <testcase classname="api.test.UserTests" name="testDeleteUserByName" time="1.397"/>
  <system-out/>
</testsuite> <!-- api.test.UserTests -->
