<?xml version="1.0" encoding="UTF-8"?>
<!-- Generated by org.testng.reporters.JUnitReportReporter -->
<testsuite hostname="DESKTOP-CFSKSBJ" failures="0" tests="6" name="api.payload.DDTests" time="10.344" errors="0" timestamp="2024-09-17T02:37:03 IST" skipped="0">
  <testcase classname="api.payload.DDTests" name="testPostuser" time="1.442"/>
  <system-out/>
  <testcase classname="api.payload.DDTests" name="testPostuser" time="3.195"/>
  <system-out/>
  <testcase classname="api.payload.DDTests" name="testPostuser" time="1.458"/>
  <system-out/>
  <testcase classname="api.payload.DDTests" name="testDeleteUserByName" time="1.443"/>
  <system-out/>
  <testcase classname="api.payload.DDTests" name="testDeleteUserByName" time="1.448"/>
  <system-out/>
  <testcase classname="api.payload.DDTests" name="testDeleteUserByName" time="1.358"/>
  <system-out/>
</testsuite> <!-- api.payload.DDTests -->
