<?xml version="1.0" encoding="UTF-8"?>
<!-- Generated by org.testng.reporters.JUnitReportReporter -->
<testsuite hostname="DESKTOP-CFSKSBJ" failures="0" tests="4" name="api.test.UserTests2" time="9.506" errors="0" timestamp="2024-09-17T11:26:01 IST" skipped="0">
  <testcase classname="api.test.UserTests2" name="testPostUser" time="3.337"/>
  <system-out/>
  <testcase classname="api.test.UserTests2" name="testGetUserByName" time="1.310"/>
  <system-out/>
  <testcase classname="api.test.UserTests2" name="testUpdateUserByName" time="2.596"/>
  <system-out/>
  <testcase classname="api.test.UserTests2" name="testDeleteUserByName" time="2.263"/>
  <system-out/>
</testsuite> <!-- api.test.UserTests2 -->
