<?xml version="1.0" encoding="UTF-8"?>
<!-- Generated by org.testng.reporters.JUnitReportReporter -->
<testsuite hostname="DESKTOP-CFSKSBJ" failures="0" tests="4" name="api.test.UserTests2" time="10.055" errors="0" timestamp="2024-09-17T11:09:45 IST" skipped="0">
  <testcase classname="api.test.UserTests2" name="testPostUser" time="3.312"/>
  <system-out/>
  <testcase classname="api.test.UserTests2" name="testGetUserByName" time="1.343"/>
  <system-out/>
  <testcase classname="api.test.UserTests2" name="testUpdateUserByName" time="4.169"/>
  <system-out/>
  <testcase classname="api.test.UserTests2" name="testDeleteUserByName" time="1.231"/>
  <system-out/>
</testsuite> <!-- api.test.UserTests2 -->
