<?xml version="1.0" encoding="UTF-8"?>
<!-- Generated by org.testng.reporters.JUnitReportReporter -->
<testsuite hostname="DESKTOP-CFSKSBJ" failures="0" tests="4" name="api.test.UserTests2" time="9.472" errors="0" timestamp="2024-09-17T11:20:46 IST" skipped="0">
  <testcase classname="api.test.UserTests2" name="testPostUser" time="3.879"/>
  <system-out/>
  <testcase classname="api.test.UserTests2" name="testGetUserByName" time="1.464"/>
  <system-out/>
  <testcase classname="api.test.UserTests2" name="testUpdateUserByName" time="2.750"/>
  <system-out/>
  <testcase classname="api.test.UserTests2" name="testDeleteUserByName" time="1.379"/>
  <system-out/>
</testsuite> <!-- api.test.UserTests2 -->
